# JRE version: Java(TM) SE Runtime Environment (7.0_67-b01) (build 1.7.0_67-b01)
# Java VM: Java HotSpot(TM) 64-Bit Server VM (24.65-b04 mixed mode windows-amd64 compressed oops)
Heap
 PSYoungGen      total 57344K, used 1986K [0x00000007c0800000, 0x00000007c4780000, 0x0000000800000000)
  eden space 49664K, 4% used [0x00000007c0800000,0x00000007c09f0b10,0x00000007c3880000)
  from space 7680K, 0% used [0x00000007c4000000,0x00000007c4000000,0x00000007c4780000)
  to   space 7680K, 0% used [0x00000007c3880000,0x00000007c3880000,0x00000007c4000000)
 ParOldGen       total 130048K, used 6369K [0x0000000741800000, 0x0000000749700000, 0x00000007c0800000)
  object space 130048K, 4% used [0x0000000741800000,0x0000000741e384c0,0x0000000749700000)
 PSPermGen       total 21504K, used 4475K [0x000000073c600000, 0x000000073db00000, 0x0000000741800000)
  object space 21504K, 20% used [0x000000073c600000,0x000000073ca5ec20,0x000000073db00000)
GC Heap History (8 events):
Event: 6.831 GC heap before
{Heap before GC invocations=1 (full 0):
 PSYoungGen      total 57344K, used 8129K [0x00000007c0800000, 0x00000007c4780000, 0x0000000800000000)
  eden space 49664K, 16% used [0x00000007c0800000,0x00000007c0ff0608,0x00000007c3880000)
  from space 7680K, 0% used [0x00000007c4000000,0x00000007c4000000,0x00000007c4780000)
  to   space 7680K, 0% used [0x00000007c3880000,0x00000007c3880000,0x00000007c4000000)
 ParOldGen       total 130048K, used 0K [0x0000000741800000, 0x0000000749700000, 0x00000007c0800000)
  object space 130048K, 0% used [0x0000000741800000,0x0000000741800000,0x0000000749700000)
 PSPermGen       total 21504K, used 2981K [0x000000073c600000, 0x000000073db00000, 0x0000000741800000)
  object space 21504K, 13% used [0x000000073c600000,0x000000073c8e9580,0x000000073db00000)
Event: 6.836 GC heap after
Heap after GC invocations=1 (full 0):
 PSYoungGen      total 57344K, used 5905K [0x00000007c0800000, 0x00000007c4780000, 0x0000000800000000)
  eden space 49664K, 0% used [0x00000007c0800000,0x00000007c0800000,0x00000007c3880000)
  from space 7680K, 76% used [0x00000007c3880000,0x00000007c3e444f8,0x00000007c4000000)
  to   space 7680K, 0% used [0x00000007c4000000,0x00000007c4000000,0x00000007c4780000)
 ParOldGen       total 130048K, used 5120K [0x0000000741800000, 0x0000000749700000, 0x00000007c0800000)
  object space 130048K, 3% used [0x0000000741800000,0x0000000741d00010,0x0000000749700000)
 PSPermGen       total 21504K, used 2981K [0x000000073c600000, 0x000000073db00000, 0x0000000741800000)
  object space 21504K, 13% used [0x000000073c600000,0x000000073c8e9580,0x000000073db00000)
}
Event: 6.836 GC heap before
{Heap before GC invocations=2 (full 1):
 PSYoungGen      total 57344K, used 5905K [0x00000007c0800000, 0x00000007c4780000, 0x0000000800000000)
  eden space 49664K, 0% used [0x00000007c0800000,0x00000007c0800000,0x00000007c3880000)
  from space 7680K, 76% used [0x00000007c3880000,0x00000007c3e444f8,0x00000007c4000000)
  to   space 7680K, 0% used [0x00000007c4000000,0x00000007c4000000,0x00000007c4780000)
 ParOldGen       total 130048K, used 5120K [0x0000000741800000, 0x0000000749700000, 0x00000007c0800000)
  object space 130048K, 3% used [0x0000000741800000,0x0000000741d00010,0x0000000749700000)
 PSPermGen       total 21504K, used 2981K [0x000000073c600000, 0x000000073db00000, 0x0000000741800000)
  object space 21504K, 13% used [0x000000073c600000,0x000000073c8e9580,0x000000073db00000)
Event: 6.848 GC heap after
Heap after GC invocations=2 (full 1):
 PSYoungGen      total 57344K, used 0K [0x00000007c0800000, 0x00000007c4780000, 0x0000000800000000)
  eden space 49664K, 0% used [0x00000007c0800000,0x00000007c0800000,0x00000007c3880000)
  from space 7680K, 0% used [0x00000007c3880000,0x00000007c3880000,0x00000007c4000000)
  to   space 7680K, 0% used [0x00000007c4000000,0x00000007c4000000,0x00000007c4780000)
 ParOldGen       total 130048K, used 5818K [0x0000000741800000, 0x0000000749700000, 0x00000007c0800000)
  object space 130048K, 4% used [0x0000000741800000,0x0000000741daea88,0x0000000749700000)
 PSPermGen       total 21504K, used 2980K [0x000000073c600000, 0x000000073db00000, 0x0000000741800000)
  object space 21504K, 13% used [0x000000073c600000,0x000000073c8e91c8,0x000000073db00000)
}
Event: 14.357 GC heap before
{Heap before GC invocations=3 (full 1):
 PSYoungGen      total 57344K, used 4966K [0x00000007c0800000, 0x00000007c4780000, 0x0000000800000000)
  eden space 49664K, 10% used [0x00000007c0800000,0x00000007c0cd9ad8,0x00000007c3880000)
  from space 7680K, 0% used [0x00000007c3880000,0x00000007c3880000,0x00000007c4000000)
  to   space 7680K, 0% used [0x00000007c4000000,0x00000007c4000000,0x00000007c4780000)
 ParOldGen       total 130048K, used 5818K [0x0000000741800000, 0x0000000749700000, 0x00000007c0800000)
  object space 130048K, 4% used [0x0000000741800000,0x0000000741daea88,0x0000000749700000)
 PSPermGen       total 21504K, used 4457K [0x000000073c600000, 0x000000073db00000, 0x0000000741800000)
  object space 21504K, 20% used [0x000000073c600000,0x000000073ca5a658,0x000000073db00000)
Event: 14.370 GC heap after
Heap after GC invocations=3 (full 1):
 PSYoungGen      total 57344K, used 726K [0x00000007c0800000, 0x00000007c4780000, 0x0000000800000000)
  eden space 49664K, 0% used [0x00000007c0800000,0x00000007c0800000,0x00000007c3880000)
  from space 7680K, 9% used [0x00000007c4000000,0x00000007c40b5938,0x00000007c4780000)
  to   space 7680K, 0% used [0x00000007c3880000,0x00000007c3880000,0x00000007c4000000)
 ParOldGen       total 130048K, used 5818K [0x0000000741800000, 0x0000000749700000, 0x00000007c0800000)
  object space 130048K, 4% used [0x0000000741800000,0x0000000741daea88,0x0000000749700000)
 PSPermGen       total 21504K, used 4457K [0x000000073c600000, 0x000000073db00000, 0x0000000741800000)
  object space 21504K, 20% used [0x000000073c600000,0x000000073ca5a658,0x000000073db00000)
}
Event: 14.370 GC heap before
{Heap before GC invocations=4 (full 2):
 PSYoungGen      total 57344K, used 726K [0x00000007c0800000, 0x00000007c4780000, 0x0000000800000000)
  eden space 49664K, 0% used [0x00000007c0800000,0x00000007c0800000,0x00000007c3880000)
  from space 7680K, 9% used [0x00000007c4000000,0x00000007c40b5938,0x00000007c4780000)
  to   space 7680K, 0% used [0x00000007c3880000,0x00000007c3880000,0x00000007c4000000)
 ParOldGen       total 130048K, used 5818K [0x0000000741800000, 0x0000000749700000, 0x00000007c0800000)
  object space 130048K, 4% used [0x0000000741800000,0x0000000741daea88,0x0000000749700000)
 PSPermGen       total 21504K, used 4457K [0x000000073c600000, 0x000000073db00000, 0x0000000741800000)
  object space 21504K, 20% used [0x000000073c600000,0x000000073ca5a658,0x000000073db00000)
Event: 14.393 GC heap after
Heap after GC invocations=4 (full 2):
 PSYoungGen      total 57344K, used 0K [0x00000007c0800000, 0x00000007c4780000, 0x0000000800000000)
  eden space 49664K, 0% used [0x00000007c0800000,0x00000007c0800000,0x00000007c3880000)
  from space 7680K, 0% used [0x00000007c4000000,0x00000007c4000000,0x00000007c4780000)
  to   space 7680K, 0% used [0x00000007c3880000,0x00000007c3880000,0x00000007c4000000)
 ParOldGen       total 130048K, used 6369K [0x0000000741800000, 0x0000000749700000, 0x00000007c0800000)
  object space 130048K, 4% used [0x0000000741800000,0x0000000741e384c0,0x0000000749700000)
 PSPermGen       total 21504K, used 4457K [0x000000073c600000, 0x000000073db00000, 0x0000000741800000)
  object space 21504K, 20% used [0x000000073c600000,0x000000073ca5a570,0x000000073db00000)
}

